\BOOKMARK [0][-]{chapter*.2}{Introducci\363n}{}% 1
\BOOKMARK [0][-]{chapter.1}{\301lgebras de Hopf}{}% 2
\BOOKMARK [1][-]{section.1.1}{Definiciones b\341sicas}{chapter.1}% 3
\BOOKMARK [2][-]{subsection.1.1.1}{\301lgebras y co\341lgebras}{section.1.1}% 4
\BOOKMARK [2][-]{subsection.1.1.2}{Bi\341lgebras}{section.1.1}% 5
\BOOKMARK [2][-]{subsection.1.1.3}{Notaci\363n de Sweedler y producto de convoluci\363n}{section.1.1}% 6
\BOOKMARK [2][-]{subsection.1.1.4}{\301lgebras de Hopf}{section.1.1}% 7
\BOOKMARK [2][-]{subsection.1.1.5}{M\363dulos y com\363dulos}{section.1.1}% 8
\BOOKMARK [2][-]{subsection.1.1.6}{Invariantes y coinvariantes}{section.1.1}% 9
\BOOKMARK [2][-]{subsection.1.1.7}{Producto tensorial de m\363dulos y com\363dulos}{section.1.1}% 10
\BOOKMARK [2][-]{subsection.1.1.8}{M\363dulo \341lgebras, com\363dulo \341lgebras y productos smash}{section.1.1}% 11
\BOOKMARK [2][-]{subsection.1.1.9}{Dimensi\363n de Gelfand-Kirillov}{section.1.1}% 12
\BOOKMARK [1][-]{section.1.2}{\301lgebras de Nichols}{chapter.1}% 13
\BOOKMARK [2][-]{subsection.1.2.1}{Espacios vectoriales trenzados y m\363dulos de Yetter-Drinfeld}{section.1.2}% 14
\BOOKMARK [2][-]{subsection.1.2.2}{\301lgebras de Hopf trenzadas}{section.1.2}% 15
\BOOKMARK [2][-]{subsection.1.2.3}{Definiciones y ejemplos de \301lgebras de Nichols}{section.1.2}% 16
\BOOKMARK [0][-]{chapter.2}{Preliminares homol\363gicos}{}% 17
\BOOKMARK [1][-]{section.2.1}{Homolog\355a y cohomolog\355a de Hochschild}{chapter.2}% 18
\BOOKMARK [1][-]{section.2.2}{Estructura de \341lgebra de Gerstenhaber}{chapter.2}% 19
\BOOKMARK [1][-]{section.2.3}{Sucesiones espectrales}{chapter.2}% 20
\BOOKMARK [0][-]{chapter.3}{Super plano de Jordan}{}% 21
\BOOKMARK [0][-]{appendix.A}{Reglas de conmutaci\363n}{}% 22
